<?xml version="1.0" encoding="UTF-8"?>
<testsuite xmlns:xsi="http://www.w3.org/2001/XMLSchema-instance" xsi:noNamespaceSchemaLocation="https://maven.apache.org/surefire/maven-surefire-plugin/xsd/surefire-test-report.xsd" name="NetworkLayer.Model.UserBaseTest" time="1.508" tests="3" errors="0" skipped="0" failures="0">
  <properties>
[...]
</properties>
  <testcase name="testFilterDates" classname="NetworkLayer.Model.UserBaseTest" time="0.003"/>
  <testcase name="testAsMap" classname="NetworkLayer.Model.UserBaseTest" time="0.006"/>
  <testcase name="testAsMap2" classname="NetworkLayer.Model.UserBaseTest" time="0.001"/>
</testsuite>